{"level":"info","message":"MongoDB Connected: undefined","service":"hackers-paradise-api","timestamp":"2026-02-19 04:23:57"}
{"level":"info","message":"🚀 Server running in development mode on port 5000","service":"hackers-paradise-api","timestamp":"2026-02-19 04:23:57"}
{"level":"info","message":"MongoDB Connected: ac-vbbduoy-shard-00-00.7oavbxu.mongodb.net","service":"hackers-paradise-api","timestamp":"2026-02-19 04:23:58"}
{"level":"info","message":"MongoDB Connected: undefined","service":"hackers-paradise-api","timestamp":"2026-02-19 05:18:46"}
{"level":"info","message":"🚀 Server running in development mode on port 5000","service":"hackers-paradise-api","timestamp":"2026-02-19 05:18:46"}
{"level":"info","message":"MongoDB Connected: ac-vbbduoy-shard-00-00.7oavbxu.mongodb.net","service":"hackers-paradise-api","timestamp":"2026-02-19 05:18:47"}
{"level":"info","message":"MongoDB Connected: undefined","service":"hackers-paradise-api","timestamp":"2026-02-19 05:20:01"}
{"level":"info","message":"🚀 Server running in development mode on port 5000","service":"hackers-paradise-api","timestamp":"2026-02-19 05:20:01"}
{"level":"info","message":"MongoDB Connected: ac-vbbduoy-shard-00-00.7oavbxu.mongodb.net","service":"hackers-paradise-api","timestamp":"2026-02-19 05:20:02"}
{"level":"info","message":"MongoDB Connected: undefined","service":"hackers-paradise-api","timestamp":"2026-02-19 05:20:19"}
{"level":"info","message":"🚀 Server running in development mode on port 2000","service":"hackers-paradise-api","timestamp":"2026-02-19 05:20:19"}
{"level":"info","message":"MongoDB Connected: ac-vbbduoy-shard-00-00.7oavbxu.mongodb.net","service":"hackers-paradise-api","timestamp":"2026-02-19 05:20:20"}
{"level":"info","message":"MongoDB Connected: undefined","service":"hackers-paradise-api","timestamp":"2026-02-19 05:20:41"}
{"level":"info","message":"🚀 Server running in development mode on port 2000","service":"hackers-paradise-api","timestamp":"2026-02-19 05:20:41"}
{"level":"info","message":"MongoDB Connected: ac-vbbduoy-shard-00-00.7oavbxu.mongodb.net","service":"hackers-paradise-api","timestamp":"2026-02-19 05:20:41"}
{"level":"info","message":"MongoDB Connected: ac-vbbduoy-shard-00-00.7oavbxu.mongodb.net","service":"hackers-paradise-api","timestamp":"2026-02-19 05:35:17"}
{"level":"info","message":"🚀 Server running in development mode on port 2000","service":"hackers-paradise-api","timestamp":"2026-02-19 05:35:17"}
{"level":"info","message":"MongoDB Connected: ac-vbbduoy-shard-00-00.7oavbxu.mongodb.net","service":"hackers-paradise-api","timestamp":"2026-02-19 05:35:22"}
{"level":"info","message":"🚀 Server running in development mode on port 2000","service":"hackers-paradise-api","timestamp":"2026-02-19 05:35:22"}
{"level":"info","message":"MongoDB reconnected","service":"hackers-paradise-api","timestamp":"2026-02-19 06:47:06"}
{"level":"error","message":"Error connecting to MongoDB: Could not connect to any servers in your MongoDB Atlas cluster. One common reason is that you're trying to access the database from an IP that isn't whitelisted. Make sure your current IP address is on your Atlas cluster's IP whitelist: https://www.mongodb.com/docs/atlas/security-whitelist/","service":"hackers-paradise-api","timestamp":"2026-02-25 01:22:56"}
{"level":"info","message":"MongoDB Connected: ac-vbbduoy-shard-00-00.7oavbxu.mongodb.net","service":"hackers-paradise-api","timestamp":"2026-02-25 01:44:49"}
{"level":"info","message":"🚀 Server running in development mode on port 2000","service":"hackers-paradise-api","timestamp":"2026-02-25 01:44:49"}
{"level":"info","message":"MongoDB reconnected","service":"hackers-paradise-api","timestamp":"2026-02-25 02:45:59"}
{"level":"warn","message":"MongoDB disconnected","service":"hackers-paradise-api","timestamp":"2026-02-25 02:46:12"}
{"level":"info","message":"MongoDB reconnected","service":"hackers-paradise-api","timestamp":"2026-02-25 02:46:20"}
{"level":"info","message":"MongoDB Connected: ac-vbbduoy-shard-00-00.7oavbxu.mongodb.net","service":"hackers-paradise-api","timestamp":"2026-02-25 05:26:37"}
{"level":"info","message":"🚀 Server running in development mode on port 2000","service":"hackers-paradise-api","timestamp":"2026-02-25 05:26:37"}
